[22:17:40] [main/INFO]: Loaded 0 recipes
[22:17:40] [Server thread/INFO]: Starting minecraft server version 1.13.2
[22:17:40] [Server thread/WARN]: To start the server with more ram, launch it as "java -Xmx1024M -Xms1024M -jar minecraft_server.jar"
[22:17:40] [Server thread/INFO]: Loading properties
[22:17:40] [Server console handler/ERROR]: Exception handling console input
java.io.IOException: Descripteur non valide
	at java.io.FileInputStream.readBytes(Native Method) ~[?:1.8.0_201]
	at java.io.FileInputStream.read(Unknown Source) ~[?:1.8.0_201]
	at java.io.BufferedInputStream.fill(Unknown Source) ~[?:1.8.0_201]
	at java.io.BufferedInputStream.read(Unknown Source) ~[?:1.8.0_201]
	at org.bukkit.craftbukkit.libs.jline.internal.NonBlockingInputStream.read(NonBlockingInputStream.java:248) ~[spigot.jar:git-Spigot-518206a-a5b9c7b]
	at org.bukkit.craftbukkit.libs.jline.internal.InputStreamReader.read(InputStreamReader.java:261) ~[spigot.jar:git-Spigot-518206a-a5b9c7b]
	at org.bukkit.craftbukkit.libs.jline.internal.InputStreamReader.read(InputStreamReader.java:198) ~[spigot.jar:git-Spigot-518206a-a5b9c7b]
	at org.bukkit.craftbukkit.libs.jline.console.ConsoleReader.readCharacter(ConsoleReader.java:2145) ~[spigot.jar:git-Spigot-518206a-a5b9c7b]
	at org.bukkit.craftbukkit.libs.jline.console.ConsoleReader.readLineSimple(ConsoleReader.java:3183) ~[spigot.jar:git-Spigot-518206a-a5b9c7b]
	at org.bukkit.craftbukkit.libs.jline.console.ConsoleReader.readLine(ConsoleReader.java:2333) ~[spigot.jar:git-Spigot-518206a-a5b9c7b]
	at org.bukkit.craftbukkit.libs.jline.console.ConsoleReader.readLine(ConsoleReader.java:2269) ~[spigot.jar:git-Spigot-518206a-a5b9c7b]
	at org.bukkit.craftbukkit.libs.jline.console.ConsoleReader.readLine(ConsoleReader.java:2257) ~[spigot.jar:git-Spigot-518206a-a5b9c7b]
	at net.minecraft.server.v1_13_R2.DedicatedServer$2.run(DedicatedServer.java:93) [spigot.jar:git-Spigot-518206a-a5b9c7b]
[22:17:40] [Server thread/INFO]: Default game type: SURVIVAL
[22:17:40] [Server thread/INFO]: This server is running CraftBukkit version git-Spigot-518206a-a5b9c7b (MC: 1.13.2) (Implementing API version 1.13.2-R0.1-SNAPSHOT)
[22:17:40] [Server thread/INFO]: Debug logging is disabled
[22:17:40] [Server thread/INFO]: Server Ping Player Sample Count: 12
[22:17:40] [Server thread/INFO]: Using 4 threads for Netty based IO
[22:17:40] [Server thread/INFO]: Generating keypair
[22:17:41] [Server thread/INFO]: Starting Minecraft server on *:25565
[22:17:41] [Server thread/INFO]: Using default channel type
[22:17:41] [Server thread/INFO]: **** Beginning UUID conversion, this may take A LONG time ****
[22:17:41] [Server thread/INFO]: Preparing level "world"
[22:17:41] [Server thread/INFO]: Found new data pack file/bukkit, loading it automatically
[22:17:41] [Server thread/INFO]: Found new data pack vanilla, loading it automatically
[22:17:41] [Server thread/INFO]: Reloading ResourceManager: Default, bukkit
[22:17:42] [Server thread/INFO]: Loaded 524 recipes
[22:17:43] [Server thread/INFO]: -------- World Settings For [world] --------
[22:17:43] [Server thread/INFO]: Hopper Transfer: 8 Hopper Check: 1 Hopper Amount: 1
[22:17:43] [Server thread/INFO]: Experience Merge Radius: 3.0
[22:17:43] [Server thread/INFO]: Item Merge Radius: 2.5
[22:17:43] [Server thread/INFO]: Item Despawn Rate: 6000
[22:17:43] [Server thread/INFO]: Allow Zombie Pigmen to spawn from portal blocks: true
[22:17:43] [Server thread/INFO]: Arrow Despawn Rate: 1200
[22:17:43] [Server thread/INFO]: View Distance: 10
[22:17:43] [Server thread/INFO]: Nerfing mobs spawned from spawners: false
[22:17:43] [Server thread/INFO]: Zombie Aggressive Towards Villager: true
[22:17:43] [Server thread/INFO]: Custom Map Seeds:  Village: 10387312 Desert: 14357617 Igloo: 14357618 Jungle: 14357619 Swamp: 14357620 Monument: 10387313Ocean: 14357621 Shipwreck: 165745295 Slime: 987234911
[22:17:43] [Server thread/INFO]: Entity Tracking Range: Pl 48 / An 48 / Mo 48 / Mi 32 / Other 64
[22:17:43] [Server thread/INFO]: Mob Spawn Range: 6
[22:17:43] [Server thread/INFO]: Entity Activation Range: An 32 / Mo 32 / Mi 16 / Tiv true
[22:17:43] [Server thread/INFO]: Random Lighting Updates: false
[22:17:43] [Server thread/INFO]: Cactus Growth Modifier: 100%
[22:17:43] [Server thread/INFO]: Cane Growth Modifier: 100%
[22:17:43] [Server thread/INFO]: Melon Growth Modifier: 100%
[22:17:43] [Server thread/INFO]: Mushroom Growth Modifier: 100%
[22:17:43] [Server thread/INFO]: Pumpkin Growth Modifier: 100%
[22:17:43] [Server thread/INFO]: Sapling Growth Modifier: 100%
[22:17:43] [Server thread/INFO]: Beetroot Growth Modifier: 100%
[22:17:43] [Server thread/INFO]: Carrot Growth Modifier: 100%
[22:17:43] [Server thread/INFO]: Potato Growth Modifier: 100%
[22:17:43] [Server thread/INFO]: Wheat Growth Modifier: 100%
[22:17:43] [Server thread/INFO]: NetherWart Growth Modifier: 100%
[22:17:43] [Server thread/INFO]: Vine Growth Modifier: 100%
[22:17:43] [Server thread/INFO]: Cocoa Growth Modifier: 100%
[22:17:43] [Server thread/INFO]: Tile Max Tick Time: 50ms Entity max Tick Time: 50ms
[22:17:43] [Server thread/INFO]: Max TNT Explosions: 100
[22:17:50] [Server thread/INFO]: ---- Migration of old nether folder required ----
[22:17:50] [Server thread/INFO]: Unfortunately due to the way that Minecraft implemented multiworld support in 1.6, Bukkit requires that you move your nether folder to a new location in order to operate correctly.
[22:17:50] [Server thread/INFO]: We will move this folder for you, but it will mean that you need to move it back should you wish to stop using Bukkit in the future.
[22:17:50] [Server thread/INFO]: Attempting to move world\DIM-1 to world_nether\DIM-1...
[22:17:50] [Server thread/INFO]: Success! To restore nether in the future, simply move world_nether\DIM-1 to world\DIM-1
[22:17:50] [Server thread/WARN]: Unable to migrate world data.
[22:17:50] [Server thread/INFO]: ---- Migration of old nether folder complete ----
[22:17:50] [Server thread/INFO]: -------- World Settings For [world_nether] --------
[22:17:50] [Server thread/INFO]: Hopper Transfer: 8 Hopper Check: 1 Hopper Amount: 1
[22:17:50] [Server thread/INFO]: Experience Merge Radius: 3.0
[22:17:50] [Server thread/INFO]: Item Merge Radius: 2.5
[22:17:50] [Server thread/INFO]: Item Despawn Rate: 6000
[22:17:50] [Server thread/INFO]: Allow Zombie Pigmen to spawn from portal blocks: true
[22:17:50] [Server thread/INFO]: Arrow Despawn Rate: 1200
[22:17:50] [Server thread/INFO]: View Distance: 10
[22:17:50] [Server thread/INFO]: Nerfing mobs spawned from spawners: false
[22:17:50] [Server thread/INFO]: Zombie Aggressive Towards Villager: true
[22:17:50] [Server thread/INFO]: Custom Map Seeds:  Village: 10387312 Desert: 14357617 Igloo: 14357618 Jungle: 14357619 Swamp: 14357620 Monument: 10387313Ocean: 14357621 Shipwreck: 165745295 Slime: 987234911
[22:17:50] [Server thread/INFO]: Entity Tracking Range: Pl 48 / An 48 / Mo 48 / Mi 32 / Other 64
[22:17:50] [Server thread/INFO]: Mob Spawn Range: 6
[22:17:50] [Server thread/INFO]: Entity Activation Range: An 32 / Mo 32 / Mi 16 / Tiv true
[22:17:50] [Server thread/INFO]: Random Lighting Updates: false
[22:17:50] [Server thread/INFO]: Cactus Growth Modifier: 100%
[22:17:50] [Server thread/INFO]: Cane Growth Modifier: 100%
[22:17:50] [Server thread/INFO]: Melon Growth Modifier: 100%
[22:17:50] [Server thread/INFO]: Mushroom Growth Modifier: 100%
[22:17:50] [Server thread/INFO]: Pumpkin Growth Modifier: 100%
[22:17:50] [Server thread/INFO]: Sapling Growth Modifier: 100%
[22:17:50] [Server thread/INFO]: Beetroot Growth Modifier: 100%
[22:17:50] [Server thread/INFO]: Carrot Growth Modifier: 100%
[22:17:50] [Server thread/INFO]: Potato Growth Modifier: 100%
[22:17:50] [Server thread/INFO]: Wheat Growth Modifier: 100%
[22:17:50] [Server thread/INFO]: NetherWart Growth Modifier: 100%
[22:17:50] [Server thread/INFO]: Vine Growth Modifier: 100%
[22:17:50] [Server thread/INFO]: Cocoa Growth Modifier: 100%
[22:17:50] [Server thread/INFO]: Tile Max Tick Time: 50ms Entity max Tick Time: 50ms
[22:17:50] [Server thread/INFO]: Max TNT Explosions: 100
[22:17:50] [Server thread/INFO]: ---- Migration of old the_end folder required ----
[22:17:50] [Server thread/INFO]: Unfortunately due to the way that Minecraft implemented multiworld support in 1.6, Bukkit requires that you move your the_end folder to a new location in order to operate correctly.
[22:17:50] [Server thread/INFO]: We will move this folder for you, but it will mean that you need to move it back should you wish to stop using Bukkit in the future.
[22:17:50] [Server thread/INFO]: Attempting to move world\DIM1 to world_the_end\DIM1...
[22:17:50] [Server thread/INFO]: Success! To restore the_end in the future, simply move world_the_end\DIM1 to world\DIM1
[22:17:50] [Server thread/WARN]: Unable to migrate world data.
[22:17:50] [Server thread/INFO]: ---- Migration of old the_end folder complete ----
[22:17:50] [Server thread/INFO]: -------- World Settings For [world_the_end] --------
[22:17:50] [Server thread/INFO]: Hopper Transfer: 8 Hopper Check: 1 Hopper Amount: 1
[22:17:50] [Server thread/INFO]: Experience Merge Radius: 3.0
[22:17:50] [Server thread/INFO]: Item Merge Radius: 2.5
[22:17:50] [Server thread/INFO]: Item Despawn Rate: 6000
[22:17:50] [Server thread/INFO]: Allow Zombie Pigmen to spawn from portal blocks: true
[22:17:50] [Server thread/INFO]: Arrow Despawn Rate: 1200
[22:17:50] [Server thread/INFO]: View Distance: 10
[22:17:50] [Server thread/INFO]: Nerfing mobs spawned from spawners: false
[22:17:50] [Server thread/INFO]: Zombie Aggressive Towards Villager: true
[22:17:50] [Server thread/INFO]: Custom Map Seeds:  Village: 10387312 Desert: 14357617 Igloo: 14357618 Jungle: 14357619 Swamp: 14357620 Monument: 10387313Ocean: 14357621 Shipwreck: 165745295 Slime: 987234911
[22:17:50] [Server thread/INFO]: Entity Tracking Range: Pl 48 / An 48 / Mo 48 / Mi 32 / Other 64
[22:17:50] [Server thread/INFO]: Mob Spawn Range: 6
[22:17:50] [Server thread/INFO]: Entity Activation Range: An 32 / Mo 32 / Mi 16 / Tiv true
[22:17:50] [Server thread/INFO]: Random Lighting Updates: false
[22:17:50] [Server thread/INFO]: Cactus Growth Modifier: 100%
[22:17:50] [Server thread/INFO]: Cane Growth Modifier: 100%
[22:17:50] [Server thread/INFO]: Melon Growth Modifier: 100%
[22:17:50] [Server thread/INFO]: Mushroom Growth Modifier: 100%
[22:17:50] [Server thread/INFO]: Pumpkin Growth Modifier: 100%
[22:17:50] [Server thread/INFO]: Sapling Growth Modifier: 100%
[22:17:50] [Server thread/INFO]: Beetroot Growth Modifier: 100%
[22:17:50] [Server thread/INFO]: Carrot Growth Modifier: 100%
[22:17:50] [Server thread/INFO]: Potato Growth Modifier: 100%
[22:17:50] [Server thread/INFO]: Wheat Growth Modifier: 100%
[22:17:50] [Server thread/INFO]: NetherWart Growth Modifier: 100%
[22:17:50] [Server thread/INFO]: Vine Growth Modifier: 100%
[22:17:50] [Server thread/INFO]: Cocoa Growth Modifier: 100%
[22:17:50] [Server thread/INFO]: Tile Max Tick Time: 50ms Entity max Tick Time: 50ms
[22:17:50] [Server thread/INFO]: Max TNT Explosions: 100
[22:17:50] [Server thread/INFO]: Preparing start region for level minecraft:overworld (Seed: 7358722217702379469)
[22:17:55] [Server thread/INFO]: Preparing spawn area: 4%
[22:17:56] [Server thread/INFO]: Preparing spawn area: 8%
[22:17:57] [Server thread/INFO]: Preparing spawn area: 12%
[22:17:58] [Server thread/INFO]: Preparing spawn area: 16%
[22:17:59] [Server thread/INFO]: Preparing spawn area: 20%
[22:18:00] [Server thread/INFO]: Preparing spawn area: 24%
[22:18:00] [Server thread/INFO]: Preparing spawn area: 28%
[22:18:01] [Server thread/INFO]: Preparing spawn area: 32%
[22:18:02] [Server thread/INFO]: Preparing spawn area: 36%
[22:18:03] [Server thread/INFO]: Preparing spawn area: 40%
[22:18:03] [Server thread/INFO]: Preparing spawn area: 44%
[22:18:04] [Server thread/INFO]: Preparing spawn area: 48%
[22:18:05] [Server thread/INFO]: Preparing spawn area: 52%
[22:18:05] [Server thread/INFO]: Preparing spawn area: 56%
[22:18:06] [Server thread/INFO]: Preparing spawn area: 60%
[22:18:07] [Server thread/INFO]: Preparing spawn area: 64%
[22:18:08] [Server thread/INFO]: Preparing spawn area: 68%
[22:18:08] [Server thread/INFO]: Preparing spawn area: 72%
[22:18:09] [Server thread/INFO]: Preparing spawn area: 76%
[22:18:10] [Server thread/INFO]: Preparing spawn area: 80%
[22:18:11] [Server thread/INFO]: Preparing spawn area: 84%
[22:18:11] [Server thread/INFO]: Preparing spawn area: 88%
[22:18:12] [Server thread/INFO]: Preparing spawn area: 92%
[22:18:13] [Server thread/INFO]: Preparing spawn area: 96%
[22:18:14] [Server thread/INFO]: Preparing spawn area: 100%
[22:18:14] [Server thread/INFO]: Preparing start region for level minecraft:the_end (Seed: 7358722217702379469)
[22:18:14] [Server thread/INFO]: Preparing spawn area: 4%
[22:18:15] [Server thread/INFO]: Preparing spawn area: 8%
[22:18:15] [Server thread/INFO]: Preparing spawn area: 12%
[22:18:15] [Server thread/INFO]: Preparing spawn area: 16%
[22:18:15] [Server thread/INFO]: Preparing spawn area: 20%
[22:18:15] [Server thread/INFO]: Preparing spawn area: 24%
[22:18:15] [Server thread/INFO]: Preparing spawn area: 28%
[22:18:15] [Server thread/INFO]: Preparing spawn area: 32%
[22:18:16] [Server thread/INFO]: Preparing spawn area: 36%
[22:18:16] [Server thread/INFO]: Preparing spawn area: 40%
[22:18:16] [Server thread/INFO]: Preparing spawn area: 44%
[22:18:16] [Server thread/INFO]: Preparing spawn area: 48%
[22:18:16] [Server thread/INFO]: Preparing spawn area: 52%
[22:18:16] [Server thread/INFO]: Preparing spawn area: 56%
[22:18:16] [Server thread/INFO]: Preparing spawn area: 60%
[22:18:16] [Server thread/INFO]: Preparing spawn area: 64%
[22:18:16] [Server thread/INFO]: Preparing spawn area: 68%
[22:18:17] [Server thread/INFO]: Preparing spawn area: 72%
[22:18:17] [Server thread/INFO]: Preparing spawn area: 76%
[22:18:17] [Server thread/INFO]: Preparing spawn area: 80%
[22:18:17] [Server thread/INFO]: Preparing spawn area: 84%
[22:18:17] [Server thread/INFO]: Preparing spawn area: 88%
[22:18:17] [Server thread/INFO]: Preparing spawn area: 92%
[22:18:17] [Server thread/INFO]: Preparing spawn area: 96%
[22:18:17] [Server thread/INFO]: Preparing spawn area: 100%
[22:18:17] [Server thread/INFO]: Preparing start region for level minecraft:the_nether (Seed: 7358722217702379469)
[22:18:20] [Server thread/INFO]: Preparing spawn area: 4%
[22:18:22] [main/INFO]: Loaded 0 recipes
[22:18:22] [Server thread/INFO]: Starting minecraft server version 1.13.2
[22:18:22] [Server thread/INFO]: Loading properties
[22:18:22[22:18:23] [Server thread/INFO]: Preparing spawn area: 20%
[22:18:24] [Server thread/INFO]: Preparing spawn area: 24%
[22:18:24] [Server thread/INFO]: Preparing spawn area: 28%
[22:18:25] [Server thread/INFO]: Preparing spawn area: 32%
[22:18:26] [Server thread/INFO]: Preparing spawn area: 36%
[22:18:26] [Server thread/INFO]: Preparing spawn area: 40%
[22:18:27] [Server thread/INFO]: Preparing spawn area: 44%
[22:18:28] [Server thread/INFO]: Preparing spawn area: 48%
[22:18:29] [Server thread/INFO]: Preparing spawn area: 52%
[22:18:30] [Server thread/INFO]: Preparing spawn area: 56%
[22:18:31] [Server thread/INFO]: Preparing spawn area: 60%
[22:18:32] [Server thread/INFO]: Preparing spawn area: 64%
[22:18:33] [Server thread/INFO]: Preparing spawn area: 68%
[22:18:36] [Server thread/INFO]: Preparing spawn area: 72%
on that port?
[22:18:24] [Server thread/INFO]: Stopping server
[22:18:24] [Server thread/INFO]: Saving players
[22:18:24] [Server thread/INFO]: Saving worlds
