[07:13:19] [Server thread/INFO]: Starting minecraft server version 1.14
[07:13:19] [Server thread/INFO]: Loading properties
[07:13:19] [Server thread/INFO]: This server is running CraftBukkit version git-Spigot-4d24e36-5193f76 (MC: 1.14) (Implementing API version 1.14-R0.1-SNAPSHOT)
[07:13:20] [Server thread/INFO]: Debug logging is disabled
[07:13:20] [Server thread/INFO]: Server Ping Player Sample Count: 12
[07:13:20] [Server thread/INFO]: Using 4 threads for Netty based IO
[07:13:20] [Server thread/INFO]: Default game type: SURVIVAL
[07:13:20] [Server thread/INFO]: Generating keypair
[07:13:20] [Server thread/INFO]: Starting Minecraft server on *:25565
[07:13:20] [Server thread/INFO]: Using default channel type
[07:13:27] [Server thread/INFO]: [Monplugin] Loading Monplugin v1.13
[07:13:27] [Server thread/WARN]: **** SERVER IS RUNNING IN OFFLINE/INSECURE MODE!
[07:13:27] [Server thread/WARN]: The server will make no attempt to authenticate usernames. Beware.
[07:13:27] [Server thread/WARN]: While this makes the game possible to play without internet access, it also opens up the ability for hackers to connect with any username they choose.
[07:13:27] [Server thread/WARN]: To change this, set "online-mode" to "true" in the server.properties file.
[07:13:27] [Server thread/INFO]: Preparing level "world"
[07:13:28] [Server thread/INFO]: Reloading ResourceManager: Default, bukkit
[07:13:29] [Server thread/INFO]: Loaded 6 recipes
[07:13:31] [Server thread/INFO]: -------- World Settings For [world] --------
[07:13:31] [Server thread/INFO]: View Distance: 10
[07:13:31] [Server thread/INFO]: Allow Zombie Pigmen to spawn from portal blocks: true
[07:13:31] [Server thread/INFO]: Item Despawn Rate: 6000
[07:13:31] [Server thread/INFO]: Item Merge Radius: 2.5
[07:13:31] [Server thread/INFO]: Arrow Despawn Rate: 1200
[07:13:31] [Server thread/INFO]: Nerfing mobs spawned from spawners: false
[07:13:31] [Server thread/INFO]: Custom Map Seeds:  Village: 10387312 Desert: 14357617 Igloo: 14357618 Jungle: 14357619 Swamp: 14357620 Monument: 10387313Ocean: 14357621 Shipwreck: 165745295 Slime: 987234911
[07:13:31] [Server thread/INFO]: Zombie Aggressive Towards Villager: true
[07:13:31] [Server thread/INFO]: Entity Tracking Range: Pl 48 / An 48 / Mo 48 / Mi 32 / Other 64
[07:13:31] [Server thread/INFO]: Cactus Growth Modifier: 100%
[07:13:31] [Server thread/INFO]: Cane Growth Modifier: 100%
[07:13:31] [Server thread/INFO]: Melon Growth Modifier: 100%
[07:13:31] [Server thread/INFO]: Mushroom Growth Modifier: 100%
[07:13:31] [Server thread/INFO]: Pumpkin Growth Modifier: 100%
[07:13:31] [Server thread/INFO]: Sapling Growth Modifier: 100%
[07:13:31] [Server thread/INFO]: Beetroot Growth Modifier: 100%
[07:13:31] [Server thread/INFO]: Carrot Growth Modifier: 100%
[07:13:31] [Server thread/INFO]: Potato Growth Modifier: 100%
[07:13:31] [Server thread/INFO]: Wheat Growth Modifier: 100%
[07:13:31] [Server thread/INFO]: NetherWart Growth Modifier: 100%
[07:13:31] [Server thread/INFO]: Vine Growth Modifier: 100%
[07:13:31] [Server thread/INFO]: Cocoa Growth Modifier: 100%
[07:13:31] [Server thread/INFO]: Max TNT Explosions: 100
[07:13:31] [Server thread/INFO]: Tile Max Tick Time: 50ms Entity max Tick Time: 50ms
[07:13:31] [Server thread/INFO]: Entity Activation Range: An 32 / Mo 32 / Mi 16 / Tiv true
[07:13:31] [Server thread/INFO]: Hopper Transfer: 8 Hopper Check: 1 Hopper Amount: 1
[07:13:31] [Server thread/INFO]: Mob Spawn Range: 6
[07:13:31] [Server thread/INFO]: Experience Merge Radius: 3.0
[07:13:31] [Server thread/ERROR]: Error loading saved data: raids
java.io.IOException: Root tag must be a named compound tag
	at net.minecraft.server.v1_14_R1.NBTCompressedStreamTools.a(NBTCompressedStreamTools.java:88) ~[spigot.jar:git-Spigot-4d24e36-5193f76]
	at net.minecraft.server.v1_14_R1.NBTCompressedStreamTools.a(NBTCompressedStreamTools.java:73) ~[spigot.jar:git-Spigot-4d24e36-5193f76]
	at net.minecraft.server.v1_14_R1.WorldPersistentData.a(SourceFile:84) ~[spigot.jar:git-Spigot-4d24e36-5193f76]
	at net.minecraft.server.v1_14_R1.WorldPersistentData.b(SourceFile:61) [spigot.jar:git-Spigot-4d24e36-5193f76]
	at net.minecraft.server.v1_14_R1.WorldPersistentData.a(SourceFile:42) [spigot.jar:git-Spigot-4d24e36-5193f76]
	at net.minecraft.server.v1_14_R1.WorldServer.<init>(WorldServer.java:115) [spigot.jar:git-Spigot-4d24e36-5193f76]
	at net.minecraft.server.v1_14_R1.MinecraftServer.a(MinecraftServer.java:372) [spigot.jar:git-Spigot-4d24e36-5193f76]
	at net.minecraft.server.v1_14_R1.DedicatedServer.init(DedicatedServer.java:258) [spigot.jar:git-Spigot-4d24e36-5193f76]
	at net.minecraft.server.v1_14_R1.MinecraftServer.run(MinecraftServer.java:758) [spigot.jar:git-Spigot-4d24e36-5193f76]
	at java.lang.Thread.run(Unknown Source) [?:1.8.0_211]
[07:13:32] [Server thread/INFO]: -------- World Settings For [world_nether] --------
[07:13:32] [Server thread/INFO]: View Distance: 10
[07:13:32] [Server thread/INFO]: Allow Zombie Pigmen to spawn from portal blocks: true
[07:13:32] [Server thread/INFO]: Item Despawn Rate: 6000
[07:13:32] [Server thread/INFO]: Item Merge Radius: 2.5
[07:13:32] [Server thread/INFO]: Arrow Despawn Rate: 1200
[07:13:32] [Server thread/INFO]: Nerfing mobs spawned from spawners: false
[07:13:32] [Server thread/INFO]: Custom Map Seeds:  Village: 10387312 Desert: 14357617 Igloo: 14357618 Jungle: 14357619 Swamp: 14357620 Monument: 10387313Ocean: 14357621 Shipwreck: 165745295 Slime: 987234911
[07:13:32] [Server thread/INFO]: Zombie Aggressive Towards Villager: true
[07:13:32] [Server thread/INFO]: Entity Tracking Range: Pl 48 / An 48 / Mo 48 / Mi 32 / Other 64
[07:13:32] [Server thread/INFO]: Cactus Growth Modifier: 100%
[07:13:32] [Server thread/INFO]: Cane Growth Modifier: 100%
[07:13:32] [Server thread/INFO]: Melon Growth Modifier: 100%
[07:13:32] [Server thread/INFO]: Mushroom Growth Modifier: 100%
[07:13:32] [Server thread/INFO]: Pumpkin Growth Modifier: 100%
[07:13:32] [Server thread/INFO]: Sapling Growth Modifier: 100%
[07:13:32] [Server thread/INFO]: Beetroot Growth Modifier: 100%
[07:13:32] [Server thread/INFO]: Carrot Growth Modifier: 100%
[07:13:32] [Server thread/INFO]: Potato Growth Modifier: 100%
[07:13:32] [Server thread/INFO]: Wheat Growth Modifier: 100%
[07:13:32] [Server thread/INFO]: NetherWart Growth Modifier: 100%
[07:13:32] [Server thread/INFO]: Vine Growth Modifier: 100%
[07:13:32] [Server thread/INFO]: Cocoa Growth Modifier: 100%
[07:13:32] [Server thread/INFO]: Max TNT Explosions: 100
[07:13:32] [Server thread/INFO]: Tile Max Tick Time: 50ms Entity max Tick Time: 50ms
[07:13:32] [Server thread/INFO]: Entity Activation Range: An 32 / Mo 32 / Mi 16 / Tiv true
[07:13:32] [Server thread/INFO]: Hopper Transfer: 8 Hopper Check: 1 Hopper Amount: 1
[07:13:32] [Server thread/INFO]: Mob Spawn Range: 6
[07:13:32] [Server thread/INFO]: Experience Merge Radius: 3.0
[07:13:32] [Server thread/INFO]: -------- World Settings For [world_the_end] --------
[07:13:32] [Server thread/INFO]: View Distance: 10
[07:13:32] [Server thread/INFO]: Allow Zombie Pigmen to spawn from portal blocks: true
[07:13:32] [Server thread/INFO]: Item Despawn Rate: 6000
[07:13:32] [Server thread/INFO]: Item Merge Radius: 2.5
[07:13:32] [Server thread/INFO]: Arrow Despawn Rate: 1200
[07:13:32] [Server thread/INFO]: Nerfing mobs spawned from spawners: false
[07:13:32] [Server thread/INFO]: Custom Map Seeds:  Village: 10387312 Desert: 14357617 Igloo: 14357618 Jungle: 14357619 Swamp: 14357620 Monument: 10387313Ocean: 14357621 Shipwreck: 165745295 Slime: 987234911
[07:13:32] [Server thread/INFO]: Zombie Aggressive Towards Villager: true
[07:13:32] [Server thread/INFO]: Entity Tracking Range: Pl 48 / An 48 / Mo 48 / Mi 32 / Other 64
[07:13:32] [Server thread/INFO]: Cactus Growth Modifier: 100%
[07:13:32] [Server thread/INFO]: Cane Growth Modifier: 100%
[07:13:32] [Server thread/INFO]: Melon Growth Modifier: 100%
[07:13:32] [Server thread/INFO]: Mushroom Growth Modifier: 100%
[07:13:32] [Server thread/INFO]: Pumpkin Growth Modifier: 100%
[07:13:32] [Server thread/INFO]: Sapling Growth Modifier: 100%
[07:13:32] [Server thread/INFO]: Beetroot Growth Modifier: 100%
[07:13:32] [Server thread/INFO]: Carrot Growth Modifier: 100%
[07:13:32] [Server thread/INFO]: Potato Growth Modifier: 100%
[07:13:32] [Server thread/INFO]: Wheat Growth Modifier: 100%
[07:13:32] [Server thread/INFO]: NetherWart Growth Modifier: 100%
[07:13:32] [Server thread/INFO]: Vine Growth Modifier: 100%
[07:13:32] [Server thread/INFO]: Cocoa Growth Modifier: 100%
[07:13:32] [Server thread/INFO]: Max TNT Explosions: 100
[07:13:32] [Server thread/INFO]: Tile Max Tick Time: 50ms Entity max Tick Time: 50ms
[07:13:32] [Server thread/INFO]: Entity Activation Range: An 32 / Mo 32 / Mi 16 / Tiv true
[07:13:32] [Server thread/INFO]: Hopper Transfer: 8 Hopper Check: 1 Hopper Amount: 1
[07:13:32] [Server thread/INFO]: Mob Spawn Range: 6
[07:13:32] [Server thread/INFO]: Experience Merge Radius: 3.0
[07:13:32] [Server thread/INFO]: Preparing start region for dimension 'world'/minecraft:overworld
[07:13:32] [Server-Worker-2/INFO]: Preparing spawn area: 0%
[07:13:32] [Server-Worker-1/INFO]: Preparing spawn area: 0%
[07:13:33] [Server-Worker-1/INFO]: Preparing spawn area: 0%
[07:13:33] [Server-Worker-3/INFO]: Preparing spawn area: 0%
[07:13:34] [Server-Worker-2/INFO]: Preparing spawn area: 0%
[07:13:34] [Server-Worker-3/INFO]: Preparing spawn area: 1%
[07:13:35] [Server-Worker-2/INFO]: Preparing spawn area: 8%
[07:13:35] [Server-Worker-1/INFO]: Preparing spawn area: 13%
[07:13:36] [Server-Worker-1/INFO]: Preparing spawn area: 17%
[07:13:36] [Server-Worker-1/INFO]: Preparing spawn area: 37%
[07:13:37] [Server-Worker-1/INFO]: Preparing spawn area: 94%
[07:13:39] [Server thread/INFO]: Time elapsed: 6703 ms
[07:13:39] [Server thread/INFO]: Preparing start region for dimension 'world_nether'/minecraft:the_nether
[07:13:39] [Server-Worker-2/INFO]: Preparing spawn area: 0%
[07:13:39] [Server-Worker-3/INFO]: Preparing spawn area: 0%
[07:13:40] [Server-Worker-3/INFO]: Preparing spawn area: 0%
[07:13:40] [Server-Worker-1/INFO]: Preparing spawn area: 0%
[07:13:41] [Server-Worker-1/INFO]: Preparing spawn area: 4%
[07:13:41] [Server-Worker-2/INFO]: Preparing spawn area: 4%
[07:13:42] [Server-Worker-3/INFO]: Preparing spawn area: 5%
[07:13:42] [Server-Worker-3/INFO]: Preparing spawn area: 19%
[07:13:43] [Server-Worker-1/INFO]: Preparing spawn area: 42%
[07:13:43] [Server-Worker-3/INFO]: Preparing spawn area: 72%
[07:13:44] [Server thread/INFO]: Time elapsed: 4981 ms
[07:13:44] [Server thread/INFO]: Preparing start region for dimension 'world_the_end'/minecraft:the_end
[07:13:44] [Server-Worker-1/INFO]: Preparing spawn area: 0%
[07:13:44] [Server-Worker-3/INFO]: Preparing spawn area: 0%
[07:13:45] [Server-Worker-1/INFO]: Preparing spawn area: 0%
[07:13:45] [Server-Worker-3/INFO]: Preparing spawn area: 4%
[07:13:45] [Server thread/INFO]: Time elapsed: 1905 ms
[07:13:46] [Server thread/INFO]: [Monplugin] Enabling Monplugin v1.13
[07:13:46] [Server thread/INFO]: bonjour !!  le plugin est lance
[07:13:46] [Server thread/INFO]: Server permissions file permissions.yml is empty, ignoring it
[07:13:46] [Server thread/INFO]: Done (18.998s)! For help, type "help"
[07:13:52] [User Authenticator #1/INFO]: UUID of player lukimoki is f6309614-7c7a-3653-bd00-eca251143fe5
[07:13:53] [Server thread/INFO]: lukimoki[/127.0.0.1:62855] logged in with entity id 254 at ([world]-128.2335596504463, 105.0, 188.33206320885387)
[07:13:55] [Server thread/WARN]: Can't keep up! Is the server overloaded? Running 2618ms or 52 ticks behind
[07:14:22] [Server thread/INFO]: lukimoki lost connection: Disconnected
[07:14:22] [Server thread/INFO]: lukimoki left the game
[07:14:28] [Server thread/INFO]: Stopping the server
[07:14:28] [Server thread/INFO]: Stopping server
[07:14:28] [Server thread/INFO]: [Monplugin] Disabling Monplugin v1.13
[07:14:28] [Server thread/INFO]: a bientot !!! le plugin est ferme
[07:14:28] [Server thread/INFO]: Saving players
[07:14:29] [Server thread/INFO]: Saving worlds
[07:14:29] [Server thread/INFO]: Saving chunks for level 'world'/minecraft:overworld
[07:14:30] [Server thread/INFO]: ThreadedAnvilChunkStorage (world): All chunks are saved
[07:14:30] [Server thread/INFO]: Saving chunks for level 'world_nether'/minecraft:the_nether
[07:14:31] [Server thread/INFO]: ThreadedAnvilChunkStorage (DIM-1): All chunks are saved
[07:14:31] [Server thread/INFO]: Saving chunks for level 'world_the_end'/minecraft:the_end
[07:14:31] [Server thread/INFO]: ThreadedAnvilChunkStorage (DIM1): All chunks are saved
[07:14:31] [Server thread/INFO]: ThreadedAnvilChunkStorage (world): All chunks are saved
[07:14:31] [Server thread/INFO]: ThreadedAnvilChunkStorage (world): All chunks are saved
[07:14:31] [Server thread/INFO]: ThreadedAnvilChunkStorage (DIM-1): All chunks are saved
[07:14:31] [Server thread/INFO]: ThreadedAnvilChunkStorage (DIM-1): All chunks are saved
[07:14:31] [Server thread/INFO]: ThreadedAnvilChunkStorage (DIM1): All chunks are saved
[07:14:31] [Server thread/INFO]: ThreadedAnvilChunkStorage (DIM1): All chunks are saved
